<?xml version="1.0" encoding="UTF-8"?>
<testsuite name="Scenario: " tests="9" skipped="0" failures="0" errors="0" timestamp="2018-01-12T16:16:28" hostname="n01439" time="3.416">
  <properties/>
  <testcase name="Given User navigates to https://www.google.co.uk" classname="Scenario: " time="0.0"/>
  <testcase name="Then User is on https://www.google.co.uk" classname="Scenario: " time="0.0"/>
  <testcase name="classMethod" classname="Scenario: " time="5.219"/>
  <testcase name="Given User navigates to https://www.google.co.uk" classname="Scenario: " time="0.0"/>
  <testcase name="When User types wik in Google search bar" classname="Scenario: " time="0.0"/>
  <testcase name="And User types ipe in Google search bar" classname="Scenario: " time="0.0"/>
  <testcase name="And User types dia in Google search bar" classname="Scenario: " time="0.0"/>
  <testcase name="Then Google URL contains wikipedia" classname="Scenario: " time="0.0"/>
  <testcase name="classMethod" classname="Scenario: " time="3.393"/>
  <system-out><![CDATA[
  .   ____          _            __ _ _
 /\\ / ___'_ __ _ _(_)_ __  __ _ \ \ \ \
( ( )\___ | '_ | '_| | '_ \/ _` | \ \ \ \
 \\/  ___)| |_)| | | | | || (_| |  ) ) ) )
  '  |____| .__|_| |_|_| |_\__, | / / / /
 =========|_|==============|___/=/_/_/_/
 :: Spring Boot ::        (v1.5.1.RELEASE)


  Scenario:                                          ?[90m# test.feature:3?[0m
    ?[32mGiven ?[0m?[32mUser navigates to ?[0m?[32m?[1mhttps://www.google.co.uk?[0m ?[90m# TestStepDefs.userNavigatesToPage(String)?[0m
    ?[32mThen ?[0m?[32mUser is on ?[0m?[32m?[1mhttps://www.google.co.uk?[0m         ?[90m# TestStepDefs.userIsOnPage(String)?[0m
]]></system-out>
  <system-err><![CDATA[[Test worker] INFO org.springframework.test.context.support.AbstractContextLoader - Could not detect default resource locations for test class [stepDefs.TestStepDefs]: no resource found for suffixes {-context.xml, Context.groovy}.
[Test worker] INFO org.springframework.test.context.support.DefaultTestContextBootstrapper - Loaded default TestExecutionListener class names from location [META-INF/spring.factories]: [org.springframework.boot.test.mock.mockito.MockitoTestExecutionListener, org.springframework.boot.test.mock.mockito.ResetMocksTestExecutionListener, org.springframework.boot.test.autoconfigure.restdocs.RestDocsTestExecutionListener, org.springframework.boot.test.autoconfigure.web.client.MockRestServiceServerResetTestExecutionListener, org.springframework.boot.test.autoconfigure.web.servlet.MockMvcPrintOnlyOnFailureTestExecutionListener, org.springframework.boot.test.autoconfigure.web.servlet.WebDriverTestExecutionListener, org.springframework.test.context.web.ServletTestExecutionListener, org.springframework.test.context.support.DirtiesContextBeforeModesTestExecutionListener, org.springframework.test.context.support.DependencyInjectionTestExecutionListener, org.springframework.test.context.support.DirtiesContextTestExecutionListener, org.springframework.test.context.transaction.TransactionalTestExecutionListener, org.springframework.test.context.jdbc.SqlScriptsTestExecutionListener]
[Test worker] INFO org.springframework.test.context.support.DefaultTestContextBootstrapper - Could not instantiate TestExecutionListener [org.springframework.test.context.jdbc.SqlScriptsTestExecutionListener]. Specify custom listener classes or make the default listener classes (and their required dependencies) available. Offending class: [org/springframework/transaction/interceptor/TransactionAttribute]
[Test worker] INFO org.springframework.test.context.support.DefaultTestContextBootstrapper - Could not instantiate TestExecutionListener [org.springframework.test.context.transaction.TransactionalTestExecutionListener]. Specify custom listener classes or make the default listener classes (and their required dependencies) available. Offending class: [org/springframework/transaction/TransactionDefinition]
[Test worker] INFO org.springframework.test.context.support.DefaultTestContextBootstrapper - Using TestExecutionListeners: [org.springframework.test.context.web.ServletTestExecutionListener@4943ad31, org.springframework.test.context.support.DirtiesContextBeforeModesTestExecutionListener@5ae92c2e, org.springframework.test.context.support.DependencyInjectionTestExecutionListener@5d83cba0, org.springframework.test.context.support.DirtiesContextTestExecutionListener@325550c3, org.springframework.boot.test.mock.mockito.MockitoTestExecutionListener@662b599d, org.springframework.boot.test.autoconfigure.restdocs.RestDocsTestExecutionListener@75b0812a, org.springframework.boot.test.autoconfigure.web.servlet.MockMvcPrintOnlyOnFailureTestExecutionListener@36ad9af7, org.springframework.boot.test.autoconfigure.web.client.MockRestServiceServerResetTestExecutionListener@2ee617a9, org.springframework.boot.test.autoconfigure.web.servlet.WebDriverTestExecutionListener@123d4459, org.springframework.boot.test.mock.mockito.ResetMocksTestExecutionListener@63752ee5]
[Test worker] INFO stepDefs.TestStepDefs - Starting TestStepDefs on n01439 with PID 21507 (started by jharwood in /home/jharwood/tmo/automationPractice/ui-test)
[Test worker] INFO stepDefs.TestStepDefs - No active profile set, falling back to default profiles: default
[Test worker] INFO org.springframework.context.annotation.AnnotationConfigApplicationContext - Refreshing org.springframework.context.annotation.AnnotationConfigApplicationContext@1b9815bc: startup date [Fri Jan 12 16:16:24 GMT 2018]; root of context hierarchy
Starting ChromeDriver 2.34.522913 (36222509aa6e819815938cbf2709b4849735537c) on port 11088
Only local connections are allowed.
[Test worker] INFO stepDefs.TestStepDefs - Started TestStepDefs in 3.249 seconds (JVM running for 4.718)
[Test worker] INFO org.springframework.test.context.support.AbstractContextLoader - Could not detect default resource locations for test class [stepDefs.TestStepDefs]: no resource found for suffixes {-context.xml, Context.groovy}.
[Test worker] INFO org.springframework.test.context.support.DefaultTestContextBootstrapper - Loaded default TestExecutionListener class names from location [META-INF/spring.factories]: [org.springframework.boot.test.mock.mockito.MockitoTestExecutionListener, org.springframework.boot.test.mock.mockito.ResetMocksTestExecutionListener, org.springframework.boot.test.autoconfigure.restdocs.RestDocsTestExecutionListener, org.springframework.boot.test.autoconfigure.web.client.MockRestServiceServerResetTestExecutionListener, org.springframework.boot.test.autoconfigure.web.servlet.MockMvcPrintOnlyOnFailureTestExecutionListener, org.springframework.boot.test.autoconfigure.web.servlet.WebDriverTestExecutionListener, org.springframework.test.context.web.ServletTestExecutionListener, org.springframework.test.context.support.DirtiesContextBeforeModesTestExecutionListener, org.springframework.test.context.support.DependencyInjectionTestExecutionListener, org.springframework.test.context.support.DirtiesContextTestExecutionListener, org.springframework.test.context.transaction.TransactionalTestExecutionListener, org.springframework.test.context.jdbc.SqlScriptsTestExecutionListener]
[Test worker] INFO org.springframework.test.context.support.DefaultTestContextBootstrapper - Could not instantiate TestExecutionListener [org.springframework.test.context.jdbc.SqlScriptsTestExecutionListener]. Specify custom listener classes or make the default listener classes (and their required dependencies) available. Offending class: [org/springframework/transaction/interceptor/TransactionAttribute]
[Test worker] INFO org.springframework.test.context.support.DefaultTestContextBootstrapper - Could not instantiate TestExecutionListener [org.springframework.test.context.transaction.TransactionalTestExecutionListener]. Specify custom listener classes or make the default listener classes (and their required dependencies) available. Offending class: [org/springframework/transaction/TransactionDefinition]
[Test worker] INFO org.springframework.test.context.support.DefaultTestContextBootstrapper - Using TestExecutionListeners: [org.springframework.test.context.web.ServletTestExecutionListener@7ab29d76, org.springframework.test.context.support.DirtiesContextBeforeModesTestExecutionListener@7c03e236, org.springframework.test.context.support.DependencyInjectionTestExecutionListener@4e10b91b, org.springframework.test.context.support.DirtiesContextTestExecutionListener@64886924, org.springframework.boot.test.mock.mockito.MockitoTestExecutionListener@a3f11ee, org.springframework.boot.test.autoconfigure.restdocs.RestDocsTestExecutionListener@694e40cd, org.springframework.boot.test.autoconfigure.web.servlet.MockMvcPrintOnlyOnFailureTestExecutionListener@22dde49e, org.springframework.boot.test.autoconfigure.web.client.MockRestServiceServerResetTestExecutionListener@53b78a8, org.springframework.boot.test.autoconfigure.web.servlet.WebDriverTestExecutionListener@77f9b980, org.springframework.boot.test.mock.mockito.ResetMocksTestExecutionListener@6c2ac79a]
[Test worker] INFO org.springframework.beans.factory.support.DefaultListableBeanFactory - Replacing scope 'cucumber-glue' from [cucumber.runtime.java.spring.GlueCodeScope@7f3ee536] to [cucumber.runtime.java.spring.GlueCodeScope@453166e8]
]]></system-err>
</testsuite>
